<?xml version="1.0" encoding="UTF-8"?>
<testng-results skipped="0" failed="0" ignored="0" total="1" passed="1">
  <reporter-output>
  </reporter-output>
  <suite name="Default suite" duration-ms="44" started-at="2018-07-14T07:19:20Z" finished-at="2018-07-14T07:19:20Z">
    <groups>
    </groups>
    <test name="Default test" duration-ms="44" started-at="2018-07-14T07:19:20Z" finished-at="2018-07-14T07:19:20Z">
      <class name="ReadDataFromExternalFiles.ReadFromPropertiesFile">
        <test-method status="PASS" signature="read()[pri:0, instance:ReadDataFromExternalFiles.ReadFromPropertiesFile@167fdd33]" name="read" duration-ms="21" started-at="2018-07-14T07:19:20Z" finished-at="2018-07-14T07:19:20Z">
          <reporter-output>
          </reporter-output>
        </test-method> <!-- read -->
      </class> <!-- ReadDataFromExternalFiles.ReadFromPropertiesFile -->
    </test> <!-- Default test -->
  </suite> <!-- Default suite -->
</testng-results>
